<?xml version="1.0" encoding="UTF-8"?>
<!-- Generated by org.testng.reporters.JUnitXMLReporter -->
<testsuite ignored="0" hostname="Saran" failures="0" tests="4" name="Default test" time="12.257" errors="0" timestamp="2025-10-28T15:19:45 IST">
  <testcase classname="tests.WikipediaLocalizationTest" name="testWikipediaLocalization" time="2.23"/>
  <testcase classname="tests.WikipediaLocalizationTest" name="testWikipediaLocalization" time="2.864"/>
  <testcase classname="tests.WikipediaLocalizationTest" name="testWikipediaLocalization" time="2.024"/>
  <testcase classname="tests.WikipediaLocalizationTest" name="testWikipediaLocalization" time="2.629"/>
</testsuite> <!-- Default test -->
