<?xml version="1.0" encoding="UTF-8"?>
<testng-results ignored="0" total="4" passed="4" failed="0" skipped="0">
  <reporter-output>
  </reporter-output>
  <suite started-at="2025-10-28T15:19:33 IST" name="Default suite" finished-at="2025-10-28T15:19:45 IST" duration-ms="12257">
    <groups>
    </groups>
    <test started-at="2025-10-28T15:19:33 IST" name="Default test" finished-at="2025-10-28T15:19:45 IST" duration-ms="12257">
      <class name="tests.WikipediaLocalizationTest">
        <test-method is-config="true" signature="setUp()[pri:0, instance:tests.WikipediaLocalizationTest@609cd4d8]" started-at="2025-10-28T15:19:33 IST" name="setUp" finished-at="2025-10-28T15:19:35 IST" duration-ms="2156" status="PASS">
          <reporter-output>
          </reporter-output>
        </test-method> <!-- setUp -->
        <test-method signature="testWikipediaLocalization(java.lang.String,java.lang.String,java.lang.String)[pri:0, instance:tests.WikipediaLocalizationTest@609cd4d8]" started-at="2025-10-28T15:19:35 IST" name="testWikipediaLocalization" data-provider="wikipediaLocales" finished-at="2025-10-28T15:19:37 IST" duration-ms="2230" status="PASS">
          <params>
            <param index="0">
              <value>
                <![CDATA[en]]>
              </value>
            </param>
            <param index="1">
              <value>
                <![CDATA[https://en.wikipedia.org/wiki/Main_Page]]>
              </value>
            </param>
            <param index="2">
              <value>
                <![CDATA[Wikipedia]]>
              </value>
            </param>
          </params>
          <reporter-output>
          </reporter-output>
        </test-method> <!-- testWikipediaLocalization -->
        <test-method signature="testWikipediaLocalization(java.lang.String,java.lang.String,java.lang.String)[pri:0, instance:tests.WikipediaLocalizationTest@609cd4d8]" started-at="2025-10-28T15:19:37 IST" name="testWikipediaLocalization" data-provider="wikipediaLocales" finished-at="2025-10-28T15:19:40 IST" duration-ms="2864" status="PASS">
          <params>
            <param index="0">
              <value>
                <![CDATA[fr]]>
              </value>
            </param>
            <param index="1">
              <value>
                <![CDATA[https://fr.wikipedia.org/wiki/Wikip%C3%A9dia:Accueil_principal]]>
              </value>
            </param>
            <param index="2">
              <value>
                <![CDATA[Wikipédia]]>
              </value>
            </param>
          </params>
          <reporter-output>
          </reporter-output>
        </test-method> <!-- testWikipediaLocalization -->
        <test-method signature="testWikipediaLocalization(java.lang.String,java.lang.String,java.lang.String)[pri:0, instance:tests.WikipediaLocalizationTest@609cd4d8]" started-at="2025-10-28T15:19:40 IST" name="testWikipediaLocalization" data-provider="wikipediaLocales" finished-at="2025-10-28T15:19:42 IST" duration-ms="2024" status="PASS">
          <params>
            <param index="0">
              <value>
                <![CDATA[es]]>
              </value>
            </param>
            <param index="1">
              <value>
                <![CDATA[https://es.wikipedia.org/wiki/Wikipedia:Portada]]>
              </value>
            </param>
            <param index="2">
              <value>
                <![CDATA[Wikipedia]]>
              </value>
            </param>
          </params>
          <reporter-output>
          </reporter-output>
        </test-method> <!-- testWikipediaLocalization -->
        <test-method signature="testWikipediaLocalization(java.lang.String,java.lang.String,java.lang.String)[pri:0, instance:tests.WikipediaLocalizationTest@609cd4d8]" started-at="2025-10-28T15:19:42 IST" name="testWikipediaLocalization" data-provider="wikipediaLocales" finished-at="2025-10-28T15:19:45 IST" duration-ms="2629" status="PASS">
          <params>
            <param index="0">
              <value>
                <![CDATA[hi]]>
              </value>
            </param>
            <param index="1">
              <value>
                <![CDATA[https://hi.wikipedia.org/wiki/मुखपृष्ठ]]>
              </value>
            </param>
            <param index="2">
              <value>
                <![CDATA[विकिपीडिया]]>
              </value>
            </param>
          </params>
          <reporter-output>
          </reporter-output>
        </test-method> <!-- testWikipediaLocalization -->
        <test-method is-config="true" signature="tearDown()[pri:0, instance:tests.WikipediaLocalizationTest@609cd4d8]" started-at="2025-10-28T15:19:45 IST" name="tearDown" finished-at="2025-10-28T15:19:45 IST" duration-ms="276" status="PASS">
          <reporter-output>
          </reporter-output>
        </test-method> <!-- tearDown -->
      </class> <!-- tests.WikipediaLocalizationTest -->
    </test> <!-- Default test -->
  </suite> <!-- Default suite -->
</testng-results>
